<?xml version="1.0" encoding="UTF-8"?><testsuite errors="1" failures="0" name="Accommodation" skipped="0" tests="1" time="8.67" timestamp="2023-09-27 08:26:12"><testcase name="Search hotel deals with params and filters"><error message="Arity mismatch: Step Definition 'stepdefinitions.AccommodationStepDefinition.theUserChangesTheCurrency() in file:/C:/Users/CristianSenasoft/IdeaProjects/Senasoft2023Grupo3/Automatizaci%c3%b3n/screenplay/build/classes/java/test/' with pattern [^The user changes the currency$] is declared with 0 parameters. However, the gherkin step has 1 arguments [Table:[[example, example2], [a, a]]]. &#10;Step text: The user changes the currency" type="cucumber.runtime.CucumberException">Arity mismatch: Step Definition 'stepdefinitions.AccommodationStepDefinition.theUserChangesTheCurrency() in file:/C:/Users/CristianSenasoft/IdeaProjects/Senasoft2023Grupo3/Automatizaci%c3%b3n/screenplay/build/classes/java/test/' with pattern [^The user changes the currency$] is declared with 0 parameters. However, the gherkin step has 1 arguments [Table:[[example, example2], [a, a]]]. 
Step text: The user changes the currency</error><system-err>Arity mismatch: Step Definition 'stepdefinitions.AccommodationStepDefinition.theUserChangesTheCurrency() in file:/C:/Users/CristianSenasoft/IdeaProjects/Senasoft2023Grupo3/Automatizaci%c3%b3n/screenplay/build/classes/java/test/' with pattern [^The user changes the currency$] is declared with 0 parameters. However, the gherkin step has 1 arguments [Table:[[example, example2], [a, a]]]. 
Step text: The user changes the currency&#13;
cucumber.runner.Runner.runPickle(Runner.java:80)&#13;
worker.org.gradle.process.internal.worker.GradleWorkerMain.run(GradleWorkerMain.java:69)&#13;
worker.org.gradle.process.internal.worker.GradleWorkerMain.main(GradleWorkerMain.java:74)&#13;
</system-err></testcase></testsuite>